Wednesday, May 26th, 2021 - 21:46:39 pm [Error]: Test error function File(/uw%20simulation/uw-simulation/api/applications.php)
Wednesday, May 26th, 2021 - 21:47:38 pm [Error]: Test error function File(/uw%20simulation/uw-simulation/api/applications.php)
Thursday, May 27th, 2021 - 18:56:51 pm [Error]:  File(/uw%20simulation/uw-simulation/api/applications.php)
Friday, May 28th, 2021 - 19:04:21 pm [Error]:  File(/uw%20simulation/uw-simulation/api/applications.php)

Friday, May 28th, 2021 - 20:04:55 pm [Error]: Error: Cannot pass parameter 2 by reference in C:\xamppp\htdocs\uw simulation\uw-simulation\database.php:173
Stack trace:
#0 C:\xamppp\htdocs\uw simulation\uw-simulation\api\applications.php(68): DB->addApp('users', 'hanif.dev@gmail...', 'applications', Array)
#1 {main} File(/uw%20simulation/uw-simulation/api/applications.php)
Friday, May 28th, 2021 - 23:05:34 pm [Error]: Error: Call to a member function bind_param() on boolean in C:\xamppp\htdocs\uw simulation\uw-simulation\database.php:173

Stack trace:
#0 C:\xamppp\htdocs\uw simulation\uw-simulation\api\applications.php(69): DB->addApp('users', 'hanif.dev@gmail...', 'applications', 'First Applicati...', 'FlyerMaker_1102...', '5mb', '1.0.3', 'Android 6+', '116112488', 'Published', '12+', '2021-05-25')
#1 {main} File(/uw%20simulation/uw-simulation/api/applications.php)

Friday, May 28th, 2021 - 23:09:25 pm [Error]: Error: Call to a member function bind_param() on boolean in C:\xamppp\htdocs\uw simulation\uw-simulation\database.php:173
Stack trace:
#0 C:\xamppp\htdocs\uw simulation\uw-simulation\api\applications.php(69): DB->addApp('users', 'hanif.dev@gmail...', 'applications', 'First Applicati...', 'FlyerMaker_1102...', '5mb', '1.0.3', 'Android 6+', '116112488', 'Published', '12+', '2021-05-25')
#1 {main}

Friday, May 28th, 2021 - 23:11:07 pm [Error]: Error: Call to a member function bind_param() on boolean in C:\xamppp\htdocs\uw simulation\uw-simulation\database.php:173
Stack trace:
#0 C:\xamppp\htdocs\uw simulation\uw-simulation\api\applications.php(69): DB->addApp('users', 'hanif.dev@gmail...', 'applications', 'First Applicati...', 'FlyerMaker_1102...', '5mb', '1.0.3', 'Android 6+', '116112488', 'Published', '12+', '2021-05-25')
#1 {main} File(/uw%20simulation/uw-simulation/api/applications.php)

Friday, May 28th, 2021 - 23:12:00 pm [Error]: Error: Call to a member function bind_param() on boolean in C:\xamppp\htdocs\uw simulation\uw-simulation\database.php:173
Stack trace:
#0 C:\xamppp\htdocs\uw simulation\uw-simulation\api\applications.php(69): DB->addApp('users', 'hanif.dev@gmail...', 'applications', 'First Applicati...', 'FlyerMaker_1102...', '5mb', '1.0.3', 'Android 6+', '116112488', 'Published', '12+', '2021-05-25')
#1 {main} File(/uw%20simulation/uw-simulation/api/applications.php)

Friday, May 28th, 2021 - 23:14:06 pm [Error]:  File(/uw%20simulation/uw-simulation/api/applications.php)

